# JRE version: OpenJDK Runtime Environment (8.0_242) (build 1.8.0_242-release-1644-b3-6222593)
# Java VM: OpenJDK 64-Bit Server VM (25.242-b3-6222593 mixed mode bsd-amd64 compressed oops)
Heap:
 PSYoungGen      total 508928K, used 508922K [0x0000000795580000, 0x00000007c0000000, 0x00000007c0000000)
  eden space 457728K, 100% used [0x0000000795580000,0x00000007b1480000,0x00000007b1480000)
  from space 51200K, 99% used [0x00000007b1480000,0x00000007b467eb30,0x00000007b4680000)
  to   space 68096K, 99% used [0x00000007bbd80000,0x00000007bfff9748,0x00000007c0000000)
 ParOldGen       total 210944K, used 211525K [0x0000000740000000, 0x000000074ce00000, 0x0000000795580000)
  object space 210944K, 100% used [0x0000000740000000,0x000000074ce91460,0x000000074ce00000)
 Metaspace       used 125791K, capacity 131782K, committed 131864K, reserved 1163264K
  class space    used 16193K, capacity 17375K, committed 17456K, reserved 1048576K
GC Heap History (10 events):
Event: 2381.922 GC heap after
Heap after GC invocations=23 (full 4):
 PSYoungGen      total 365568K, used 38376K [0x0000000795580000, 0x00000007b2980000, 0x00000007c0000000)
  eden space 327168K, 0% used [0x0000000795580000,0x0000000795580000,0x00000007a9500000)
  from space 38400K, 99% used [0x00000007a9500000,0x00000007aba7a100,0x00000007aba80000)
  to   space 48640K, 0% used [0x00000007afa00000,0x00000007afa00000,0x00000007b2980000)
 ParOldGen       total 184832K, used 68790K [0x0000000740000000, 0x000000074b480000, 0x0000000795580000)
  object space 184832K, 37% used [0x0000000740000000,0x000000074432da70,0x000000074b480000)
 Metaspace       used 106868K, capacity 111472K, committed 111640K, reserved 1146880K
  class space    used 13850K, capacity 14854K, committed 14896K, reserved 1048576K
}
Event: 2396.638 GC heap before
{Heap before GC invocations=24 (full 4):
 PSYoungGen      total 365568K, used 365544K [0x0000000795580000, 0x00000007b2980000, 0x00000007c0000000)
  eden space 327168K, 100% used [0x0000000795580000,0x00000007a9500000,0x00000007a9500000)
  from space 38400K, 99% used [0x00000007a9500000,0x00000007aba7a100,0x00000007aba80000)
  to   space 48640K, 0% used [0x00000007afa00000,0x00000007afa00000,0x00000007b2980000)
 ParOldGen       total 184832K, used 68790K [0x0000000740000000, 0x000000074b480000, 0x0000000795580000)
  object space 184832K, 37% used [0x0000000740000000,0x000000074432da70,0x000000074b480000)
 Metaspace       used 108803K, capacity 113550K, committed 113944K, reserved 1148928K
  class space    used 14053K, capacity 15035K, committed 15152K, reserved 1048576K
Event: 2397.050 GC heap after
Heap after GC invocations=24 (full 4):
 PSYoungGen      total 429568K, used 30447K [0x0000000795580000, 0x00000007b3480000, 0x00000007c0000000)
  eden space 380928K, 0% used [0x0000000795580000,0x0000000795580000,0x00000007ac980000)
  from space 48640K, 62% used [0x00000007afa00000,0x00000007b17bbdb0,0x00000007b2980000)
  to   space 49664K, 0% used [0x00000007ac980000,0x00000007ac980000,0x00000007afa00000)
 ParOldGen       total 184832K, used 79931K [0x0000000740000000, 0x000000074b480000, 0x0000000795580000)
  object space 184832K, 43% used [0x0000000740000000,0x0000000744e0ef38,0x000000074b480000)
 Metaspace       used 108803K, capacity 113550K, committed 113944K, reserved 1148928K
  class space    used 14053K, capacity 15035K, committed 15152K, reserved 1048576K
}
Event: 2419.737 GC heap before
{Heap before GC invocations=25 (full 4):
 PSYoungGen      total 429568K, used 411375K [0x0000000795580000, 0x00000007b3480000, 0x00000007c0000000)
  eden space 380928K, 100% used [0x0000000795580000,0x00000007ac980000,0x00000007ac980000)
  from space 48640K, 62% used [0x00000007afa00000,0x00000007b17bbdb0,0x00000007b2980000)
  to   space 49664K, 0% used [0x00000007ac980000,0x00000007ac980000,0x00000007afa00000)
 ParOldGen       total 184832K, used 79931K [0x0000000740000000, 0x000000074b480000, 0x0000000795580000)
  object space 184832K, 43% used [0x0000000740000000,0x0000000744e0ef38,0x000000074b480000)
 Metaspace       used 119959K, capacity 125138K, committed 125336K, reserved 1159168K
  class space    used 15459K, capacity 16551K, committed 16560K, reserved 1048576K
Event: 2420.248 GC heap after
Heap after GC invocations=25 (full 4):
 PSYoungGen      total 430592K, used 30707K [0x0000000795580000, 0x00000007b7780000, 0x00000007c0000000)
  eden space 380928K, 0% used [0x0000000795580000,0x0000000795580000,0x00000007ac980000)
  from space 49664K, 61% used [0x00000007ac980000,0x00000007ae77cf28,0x00000007afa00000)
  to   space 50176K, 0% used [0x00000007b4680000,0x00000007b4680000,0x00000007b7780000)
 ParOldGen       total 184832K, used 104369K [0x0000000740000000, 0x000000074b480000, 0x0000000795580000)
  object space 184832K, 56% used [0x0000000740000000,0x00000007465ec720,0x000000074b480000)
 Metaspace       used 119959K, capacity 125138K, committed 125336K, reserved 1159168K
  class space    used 15459K, capacity 16551K, committed 16560K, reserved 1048576K
}
Event: 2429.158 GC heap before
{Heap before GC invocations=26 (full 4):
 PSYoungGen      total 430592K, used 411635K [0x0000000795580000, 0x00000007b7780000, 0x00000007c0000000)
  eden space 380928K, 100% used [0x0000000795580000,0x00000007ac980000,0x00000007ac980000)
  from space 49664K, 61% used [0x00000007ac980000,0x00000007ae77cf28,0x00000007afa00000)
  to   space 50176K, 0% used [0x00000007b4680000,0x00000007b4680000,0x00000007b7780000)
 ParOldGen       total 184832K, used 104369K [0x0000000740000000, 0x000000074b480000, 0x0000000795580000)
  object space 184832K, 56% used [0x0000000740000000,0x00000007465ec720,0x000000074b480000)
 Metaspace       used 124311K, capacity 130102K, committed 130200K, reserved 1163264K
  class space    used 16068K, capacity 17247K, committed 17328K, reserved 1048576K
Event: 2429.341 GC heap after
Heap after GC invocations=26 (full 4):
 PSYoungGen      total 507904K, used 31019K [0x0000000795580000, 0x00000007b7b00000, 0x00000007c0000000)
  eden space 457728K, 0% used [0x0000000795580000,0x0000000795580000,0x00000007b1480000)
  from space 50176K, 61% used [0x00000007b4680000,0x00000007b64cad28,0x00000007b7780000)
  to   space 51200K, 0% used [0x00000007b1480000,0x00000007b1480000,0x00000007b4680000)
 ParOldGen       total 184832K, used 107600K [0x0000000740000000, 0x000000074b480000, 0x0000000795580000)
  object space 184832K, 58% used [0x0000000740000000,0x0000000746914020,0x000000074b480000)
 Metaspace       used 124311K, capacity 130102K, committed 130200K, reserved 1163264K
  class space    used 16068K, capacity 17247K, committed 17328K, reserved 1048576K
}
Event: 2433.329 GC heap before
{Heap before GC invocations=27 (full 4):
 PSYoungGen      total 507904K, used 488747K [0x0000000795580000, 0x00000007b7b00000, 0x00000007c0000000)
  eden space 457728K, 100% used [0x0000000795580000,0x00000007b1480000,0x00000007b1480000)
  from space 50176K, 61% used [0x00000007b4680000,0x00000007b64cad28,0x00000007b7780000)
  to   space 51200K, 0% used [0x00000007b1480000,0x00000007b1480000,0x00000007b4680000)
 ParOldGen       total 184832K, used 107600K [0x0000000740000000, 0x000000074b480000, 0x0000000795580000)
  object space 184832K, 58% used [0x0000000740000000,0x0000000746914020,0x000000074b480000)
 Metaspace       used 125383K, capacity 131232K, committed 131352K, reserved 1163264K
  class space    used 16182K, capacity 17374K, committed 17456K, reserved 1048576K
Event: 2433.619 GC heap after
Heap after GC invocations=27 (full 4):
 PSYoungGen      total 508928K, used 51194K [0x0000000795580000, 0x00000007c0000000, 0x00000007c0000000)
  eden space 457728K, 0% used [0x0000000795580000,0x0000000795580000,0x00000007b1480000)
  from space 51200K, 99% used [0x00000007b1480000,0x00000007b467eb30,0x00000007b4680000)
  to   space 68096K, 0% used [0x00000007bbd80000,0x00000007bbd80000,0x00000007c0000000)
 ParOldGen       total 184832K, used 132985K [0x0000000740000000, 0x000000074b480000, 0x0000000795580000)
  object space 184832K, 71% used [0x0000000740000000,0x00000007481de550,0x000000074b480000)
 Metaspace       used 125383K, capacity 131232K, committed 131352K, reserved 1163264K
  class space    used 16182K, capacity 17374K, committed 17456K, reserved 1048576K
}
Event: 2438.954 GC heap before
{Heap before GC invocations=28 (full 4):
 PSYoungGen      total 508928K, used 508922K [0x0000000795580000, 0x00000007c0000000, 0x00000007c0000000)
  eden space 457728K, 100% used [0x0000000795580000,0x00000007b1480000,0x00000007b1480000)
  from space 51200K, 99% used [0x00000007b1480000,0x00000007b467eb30,0x00000007b4680000)
  to   space 68096K, 0% used [0x00000007bbd80000,0x00000007bbd80000,0x00000007c0000000)
 ParOldGen       total 184832K, used 132985K [0x0000000740000000, 0x000000074b480000, 0x0000000795580000)
  object space 184832K, 71% used [0x0000000740000000,0x00000007481de550,0x000000074b480000)
 Metaspace       used 125791K, capacity 131782K, committed 131864K, reserved 1163264K
  class space    used 16193K, capacity 17375K, committed 17456K, reserved 1048576K

